# JRE version: OpenJDK Runtime Environment (11.0.10) (build 11.0.10+0-b96-7249189)
# Java VM: OpenJDK 64-Bit Server VM (11.0.10+0-b96-7249189, mixed mode, tiered, compressed oops, g1 gc, windows-amd64)
Heap:
 garbage-first heap   total 532480K, used 145594K [0x0000000080000000, 0x0000000100000000)
  region size 1024K, 11 young (11264K), 11 survivors (11264K)
 Metaspace       used 132692K, capacity 136486K, committed 137028K, reserved 1169408K
  class space    used 16146K, capacity 17555K, committed 17612K, reserved 1048576K
GC Heap History (20 events):
Event: 6659.852 GC heap after
{Heap after GC invocations=105 (full 0):
 garbage-first heap   total 260096K, used 129039K [0x0000000080000000, 0x0000000100000000)
  region size 1024K, 5 young (5120K), 5 survivors (5120K)
 Metaspace       used 131856K, capacity 135608K, committed 137028K, reserved 1169408K
  class space    used 16134K, capacity 17535K, committed 17612K, reserved 1048576K
}
Event: 6660.026 GC heap before
{Heap before GC invocations=105 (full 0):
 garbage-first heap   total 260096K, used 206863K [0x0000000080000000, 0x0000000100000000)
  region size 1024K, 81 young (82944K), 5 survivors (5120K)
 Metaspace       used 131952K, capacity 135675K, committed 137028K, reserved 1169408K
  class space    used 16134K, capacity 17535K, committed 17612K, reserved 1048576K
}
Event: 6660.034 GC heap after
{Heap after GC invocations=106 (full 0):
 garbage-first heap   total 260096K, used 129972K [0x0000000080000000, 0x0000000100000000)
  region size 1024K, 6 young (6144K), 6 survivors (6144K)
 Metaspace       used 131952K, capacity 135675K, committed 137028K, reserved 1169408K
  class space    used 16134K, capacity 17535K, committed 17612K, reserved 1048576K
}
Event: 6660.144 GC heap before
{Heap before GC invocations=107 (full 0):
 garbage-first heap   total 260096K, used 208820K [0x0000000080000000, 0x0000000100000000)
  region size 1024K, 84 young (86016K), 6 survivors (6144K)
 Metaspace       used 132112K, capacity 135894K, committed 137028K, reserved 1169408K
  class space    used 16137K, capacity 17540K, committed 17612K, reserved 1048576K
}
Event: 6660.150 GC heap after
{Heap after GC invocations=108 (full 0):
 garbage-first heap   total 260096K, used 133489K [0x0000000080000000, 0x0000000100000000)
  region size 1024K, 9 young (9216K), 9 survivors (9216K)
 Metaspace       used 132112K, capacity 135894K, committed 137028K, reserved 1169408K
  class space    used 16137K, capacity 17540K, committed 17612K, reserved 1048576K
}
Event: 6660.153 GC heap before
{Heap before GC invocations=108 (full 0):
 garbage-first heap   total 260096K, used 136561K [0x0000000080000000, 0x0000000100000000)
  region size 1024K, 12 young (12288K), 9 survivors (9216K)
 Metaspace       used 132112K, capacity 135894K, committed 137028K, reserved 1169408K
  class space    used 16137K, capacity 17540K, committed 17612K, reserved 1048576K
}
Event: 6660.164 GC heap after
{Heap after GC invocations=109 (full 0):
 garbage-first heap   total 260096K, used 132826K [0x0000000080000000, 0x0000000100000000)
  region size 1024K, 2 young (2048K), 2 survivors (2048K)
 Metaspace       used 132112K, capacity 135894K, committed 137028K, reserved 1169408K
  class space    used 16137K, capacity 17540K, committed 17612K, reserved 1048576K
}
Event: 6660.254 GC heap before
{Heap before GC invocations=109 (full 0):
 garbage-first heap   total 260096K, used 211674K [0x0000000080000000, 0x0000000100000000)
  region size 1024K, 79 young (80896K), 2 survivors (2048K)
 Metaspace       used 132164K, capacity 135909K, committed 137028K, reserved 1169408K
  class space    used 16139K, capacity 17544K, committed 17612K, reserved 1048576K
}
Event: 6660.262 GC heap after
{Heap after GC invocations=110 (full 0):
 garbage-first heap   total 260096K, used 133768K [0x0000000080000000, 0x0000000100000000)
  region size 1024K, 3 young (3072K), 3 survivors (3072K)
 Metaspace       used 132164K, capacity 135909K, committed 137028K, reserved 1169408K
  class space    used 16139K, capacity 17544K, committed 17612K, reserved 1048576K
}
Event: 6660.406 GC heap before
{Heap before GC invocations=110 (full 0):
 garbage-first heap   total 260096K, used 213640K [0x0000000080000000, 0x0000000100000000)
  region size 1024K, 81 young (82944K), 3 survivors (3072K)
 Metaspace       used 132252K, capacity 135976K, committed 137028K, reserved 1169408K
  class space    used 16140K, capacity 17545K, committed 17612K, reserved 1048576K
}
Event: 6660.412 GC heap after
{Heap after GC invocations=111 (full 0):
 garbage-first heap   total 260096K, used 134853K [0x0000000080000000, 0x0000000100000000)
  region size 1024K, 4 young (4096K), 4 survivors (4096K)
 Metaspace       used 132252K, capacity 135976K, committed 137028K, reserved 1169408K
  class space    used 16140K, capacity 17545K, committed 17612K, reserved 1048576K
}
Event: 6660.508 GC heap before
{Heap before GC invocations=112 (full 0):
 garbage-first heap   total 260096K, used 216773K [0x0000000080000000, 0x0000000100000000)
  region size 1024K, 84 young (86016K), 4 survivors (4096K)
 Metaspace       used 132346K, capacity 136113K, committed 137028K, reserved 1169408K
  class space    used 16140K, capacity 17545K, committed 17612K, reserved 1048576K
}
Event: 6660.516 GC heap after
{Heap after GC invocations=113 (full 0):
 garbage-first heap   total 434176K, used 136218K [0x0000000080000000, 0x0000000100000000)
  region size 1024K, 5 young (5120K), 5 survivors (5120K)
 Metaspace       used 132346K, capacity 136113K, committed 137028K, reserved 1169408K
  class space    used 16140K, capacity 17545K, committed 17612K, reserved 1048576K
}
Event: 6660.532 GC heap before
{Heap before GC invocations=113 (full 0):
 garbage-first heap   total 434176K, used 151578K [0x0000000080000000, 0x0000000100000000)
  region size 1024K, 21 young (21504K), 5 survivors (5120K)
 Metaspace       used 132358K, capacity 136178K, committed 137028K, reserved 1169408K
  class space    used 16140K, capacity 17545K, committed 17612K, reserved 1048576K
}
Event: 6660.537 GC heap after
{Heap after GC invocations=114 (full 0):
 garbage-first heap   total 434176K, used 136267K [0x0000000080000000, 0x0000000100000000)
  region size 1024K, 1 young (1024K), 1 survivors (1024K)
 Metaspace       used 132358K, capacity 136178K, committed 137028K, reserved 1169408K
  class space    used 16140K, capacity 17545K, committed 17612K, reserved 1048576K
}
Event: 6660.743 GC heap before
{Heap before GC invocations=114 (full 0):
 garbage-first heap   total 434176K, used 318539K [0x0000000080000000, 0x0000000100000000)
  region size 1024K, 180 young (184320K), 1 survivors (1024K)
 Metaspace       used 132501K, capacity 136321K, committed 137028K, reserved 1169408K
  class space    used 16141K, capacity 17548K, committed 17612K, reserved 1048576K
}
Event: 6660.749 GC heap after
{Heap after GC invocations=115 (full 0):
 garbage-first heap   total 434176K, used 137850K [0x0000000080000000, 0x0000000100000000)
  region size 1024K, 3 young (3072K), 3 survivors (3072K)
 Metaspace       used 132501K, capacity 136321K, committed 137028K, reserved 1169408K
  class space    used 16141K, capacity 17548K, committed 17612K, reserved 1048576K
}
Event: 6661.006 GC heap before
{Heap before GC invocations=116 (full 0):
 garbage-first heap   total 434176K, used 330362K [0x0000000080000000, 0x0000000100000000)
  region size 1024K, 192 young (196608K), 3 survivors (3072K)
 Metaspace       used 132638K, capacity 136418K, committed 137028K, reserved 1169408K
  class space    used 16145K, capacity 17554K, committed 17612K, reserved 1048576K
}
Event: 6661.012 GC heap after
{Heap after GC invocations=117 (full 0):
 garbage-first heap   total 434176K, used 142783K [0x0000000080000000, 0x0000000100000000)
  region size 1024K, 8 young (8192K), 8 survivors (8192K)
 Metaspace       used 132638K, capacity 136418K, committed 137028K, reserved 1169408K
  class space    used 16145K, capacity 17554K, committed 17612K, reserved 1048576K
}
Event: 6661.207 GC heap before
{Heap before GC invocations=117 (full 0):
 garbage-first heap   total 434176K, used 348607K [0x0000000080000000, 0x0000000100000000)
  region size 1024K, 209 young (214016K), 8 survivors (8192K)
 Metaspace       used 132692K, capacity 136486K, committed 137028K, reserved 1169408K
  class space    used 16146K, capacity 17555K, committed 17612K, reserved 1048576K
}

