# JRE version: OpenJDK Runtime Environment (11.0.10) (build 11.0.10+0-b96-7249189)
# Java VM: OpenJDK 64-Bit Server VM (11.0.10+0-b96-7249189, mixed mode, tiered, compressed oops, g1 gc, windows-amd64)
Heap:
 garbage-first heap   total 497664K, used 138816K [0x0000000080000000, 0x0000000100000000)
  region size 1024K, 15 young (15360K), 15 survivors (15360K)
 Metaspace       used 97228K, capacity 99753K, committed 102144K, reserved 1136640K
  class space    used 12668K, capacity 13641K, committed 14668K, reserved 1048576K
GC Heap History (20 events):
Event: 10.098 GC heap after
{Heap after GC invocations=21 (full 0):
 garbage-first heap   total 312320K, used 123997K [0x0000000080000000, 0x0000000100000000)
  region size 1024K, 5 young (5120K), 5 survivors (5120K)
 Metaspace       used 95724K, capacity 98158K, committed 100736K, reserved 1136640K
  class space    used 12637K, capacity 13595K, committed 14540K, reserved 1048576K
}
Event: 10.241 GC heap before
{Heap before GC invocations=21 (full 0):
 garbage-first heap   total 312320K, used 251997K [0x0000000080000000, 0x0000000100000000)
  region size 1024K, 131 young (134144K), 5 survivors (5120K)
 Metaspace       used 95738K, capacity 98160K, committed 100736K, reserved 1136640K
  class space    used 12639K, capacity 13596K, committed 14540K, reserved 1048576K
}
Event: 10.247 GC heap after
{Heap after GC invocations=22 (full 0):
 garbage-first heap   total 312320K, used 127463K [0x0000000080000000, 0x0000000100000000)
  region size 1024K, 9 young (9216K), 9 survivors (9216K)
 Metaspace       used 95738K, capacity 98160K, committed 100736K, reserved 1136640K
  class space    used 12639K, capacity 13596K, committed 14540K, reserved 1048576K
}
Event: 10.383 GC heap before
{Heap before GC invocations=22 (full 0):
 garbage-first heap   total 312320K, used 255463K [0x0000000080000000, 0x0000000100000000)
  region size 1024K, 134 young (137216K), 9 survivors (9216K)
 Metaspace       used 95805K, capacity 98224K, committed 100736K, reserved 1136640K
  class space    used 12639K, capacity 13596K, committed 14540K, reserved 1048576K
}
Event: 10.390 GC heap after
{Heap after GC invocations=23 (full 0):
 garbage-first heap   total 312320K, used 127533K [0x0000000080000000, 0x0000000100000000)
  region size 1024K, 9 young (9216K), 9 survivors (9216K)
 Metaspace       used 95805K, capacity 98224K, committed 100736K, reserved 1136640K
  class space    used 12639K, capacity 13596K, committed 14540K, reserved 1048576K
}
Event: 10.564 GC heap before
{Heap before GC invocations=23 (full 0):
 garbage-first heap   total 312320K, used 258605K [0x0000000080000000, 0x0000000100000000)
  region size 1024K, 137 young (140288K), 9 survivors (9216K)
 Metaspace       used 95890K, capacity 98308K, committed 100736K, reserved 1136640K
  class space    used 12642K, capacity 13601K, committed 14540K, reserved 1048576K
}
Event: 10.572 GC heap after
{Heap after GC invocations=24 (full 0):
 garbage-first heap   total 312320K, used 128401K [0x0000000080000000, 0x0000000100000000)
  region size 1024K, 10 young (10240K), 10 survivors (10240K)
 Metaspace       used 95890K, capacity 98308K, committed 100736K, reserved 1136640K
  class space    used 12642K, capacity 13601K, committed 14540K, reserved 1048576K
}
Event: 10.751 GC heap before
{Heap before GC invocations=24 (full 0):
 garbage-first heap   total 312320K, used 261521K [0x0000000080000000, 0x0000000100000000)
  region size 1024K, 140 young (143360K), 10 survivors (10240K)
 Metaspace       used 95996K, capacity 98440K, committed 100992K, reserved 1136640K
  class space    used 12642K, capacity 13601K, committed 14540K, reserved 1048576K
}
Event: 10.760 GC heap after
{Heap after GC invocations=25 (full 0):
 garbage-first heap   total 312320K, used 130473K [0x0000000080000000, 0x0000000100000000)
  region size 1024K, 12 young (12288K), 12 survivors (12288K)
 Metaspace       used 95996K, capacity 98440K, committed 100992K, reserved 1136640K
  class space    used 12642K, capacity 13601K, committed 14540K, reserved 1048576K
}
Event: 10.922 GC heap before
{Heap before GC invocations=25 (full 0):
 garbage-first heap   total 312320K, used 263593K [0x0000000080000000, 0x0000000100000000)
  region size 1024K, 142 young (145408K), 12 survivors (12288K)
 Metaspace       used 96199K, capacity 98658K, committed 101248K, reserved 1136640K
  class space    used 12645K, capacity 13605K, committed 14540K, reserved 1048576K
}
Event: 10.932 GC heap after
{Heap after GC invocations=26 (full 0):
 garbage-first heap   total 312320K, used 131365K [0x0000000080000000, 0x0000000100000000)
  region size 1024K, 9 young (9216K), 9 survivors (9216K)
 Metaspace       used 96199K, capacity 98658K, committed 101248K, reserved 1136640K
  class space    used 12645K, capacity 13605K, committed 14540K, reserved 1048576K
}
Event: 11.094 GC heap before
{Heap before GC invocations=26 (full 0):
 garbage-first heap   total 312320K, used 266533K [0x0000000080000000, 0x0000000100000000)
  region size 1024K, 141 young (144384K), 9 survivors (9216K)
 Metaspace       used 96432K, capacity 98921K, committed 101504K, reserved 1136640K
  class space    used 12645K, capacity 13605K, committed 14540K, reserved 1048576K
}
Event: 11.103 GC heap after
{Heap after GC invocations=27 (full 0):
 garbage-first heap   total 397312K, used 132556K [0x0000000080000000, 0x0000000100000000)
  region size 1024K, 10 young (10240K), 10 survivors (10240K)
 Metaspace       used 96432K, capacity 98921K, committed 101504K, reserved 1136640K
  class space    used 12645K, capacity 13605K, committed 14540K, reserved 1048576K
}
Event: 11.327 GC heap before
{Heap before GC invocations=27 (full 0):
 garbage-first heap   total 397312K, used 323020K [0x0000000080000000, 0x0000000100000000)
  region size 1024K, 197 young (201728K), 10 survivors (10240K)
 Metaspace       used 96597K, capacity 99093K, committed 101632K, reserved 1136640K
  class space    used 12653K, capacity 13638K, committed 14668K, reserved 1048576K
}
Event: 11.336 GC heap after
{Heap after GC invocations=28 (full 0):
 garbage-first heap   total 397312K, used 135628K [0x0000000080000000, 0x0000000100000000)
  region size 1024K, 13 young (13312K), 13 survivors (13312K)
 Metaspace       used 96597K, capacity 99093K, committed 101632K, reserved 1136640K
  class space    used 12653K, capacity 13638K, committed 14668K, reserved 1048576K
}
Event: 11.519 GC heap before
{Heap before GC invocations=28 (full 0):
 garbage-first heap   total 397312K, used 333260K [0x0000000080000000, 0x0000000100000000)
  region size 1024K, 206 young (210944K), 13 survivors (13312K)
 Metaspace       used 96746K, capacity 99242K, committed 101888K, reserved 1136640K
  class space    used 12653K, capacity 13638K, committed 14668K, reserved 1048576K
}
Event: 11.530 GC heap after
{Heap after GC invocations=29 (full 0):
 garbage-first heap   total 397312K, used 136883K [0x0000000080000000, 0x0000000100000000)
  region size 1024K, 15 young (15360K), 15 survivors (15360K)
 Metaspace       used 96746K, capacity 99242K, committed 101888K, reserved 1136640K
  class space    used 12653K, capacity 13638K, committed 14668K, reserved 1048576K
}
Event: 11.736 GC heap before
{Heap before GC invocations=29 (full 0):
 garbage-first heap   total 397312K, used 335539K [0x0000000080000000, 0x0000000100000000)
  region size 1024K, 210 young (215040K), 15 survivors (15360K)
 Metaspace       used 96982K, capacity 99476K, committed 101888K, reserved 1136640K
  class space    used 12654K, capacity 13641K, committed 14668K, reserved 1048576K
}
Event: 11.746 GC heap after
{Heap after GC invocations=30 (full 0):
 garbage-first heap   total 397312K, used 138457K [0x0000000080000000, 0x0000000100000000)
  region size 1024K, 16 young (16384K), 16 survivors (16384K)
 Metaspace       used 96982K, capacity 99476K, committed 101888K, reserved 1136640K
  class space    used 12654K, capacity 13641K, committed 14668K, reserved 1048576K
}
Event: 11.948 GC heap before
{Heap before GC invocations=30 (full 0):
 garbage-first heap   total 397312K, used 340185K [0x0000000080000000, 0x0000000100000000)
  region size 1024K, 213 young (218112K), 16 survivors (16384K)
 Metaspace       used 97228K, capacity 99753K, committed 102144K, reserved 1136640K
  class space    used 12668K, capacity 13641K, committed 14668K, reserved 1048576K
}

