# JRE version: OpenJDK Runtime Environment (11.0.10) (build 11.0.10+0-b96-7249189)
# Java VM: OpenJDK 64-Bit Server VM (11.0.10+0-b96-7249189, mixed mode, tiered, compressed oops, g1 gc, windows-amd64)
Heap:
 garbage-first heap   total 510976K, used 137599K [0x0000000080000000, 0x0000000100000000)
  region size 1024K, 12 young (12288K), 12 survivors (12288K)
 Metaspace       used 98489K, capacity 101136K, committed 103296K, reserved 1138688K
  class space    used 12889K, capacity 13921K, committed 14796K, reserved 1048576K
GC Heap History (20 events):
Event: 9.175 GC heap after
{Heap after GC invocations=21 (full 0):
 garbage-first heap   total 312320K, used 118376K [0x0000000080000000, 0x0000000100000000)
  region size 1024K, 4 young (4096K), 4 survivors (4096K)
 Metaspace       used 96911K, capacity 99402K, committed 102016K, reserved 1136640K
  class space    used 12810K, capacity 13775K, committed 14796K, reserved 1048576K
}
Event: 9.329 GC heap before
{Heap before GC invocations=21 (full 0):
 garbage-first heap   total 312320K, used 244328K [0x0000000080000000, 0x0000000100000000)
  region size 1024K, 127 young (130048K), 4 survivors (4096K)
 Metaspace       used 96933K, capacity 99403K, committed 102016K, reserved 1136640K
  class space    used 12810K, capacity 13775K, committed 14796K, reserved 1048576K
}
Event: 9.333 GC heap after
{Heap after GC invocations=22 (full 0):
 garbage-first heap   total 312320K, used 120330K [0x0000000080000000, 0x0000000100000000)
  region size 1024K, 6 young (6144K), 6 survivors (6144K)
 Metaspace       used 96933K, capacity 99403K, committed 102016K, reserved 1136640K
  class space    used 12810K, capacity 13775K, committed 14796K, reserved 1048576K
}
Event: 9.493 GC heap before
{Heap before GC invocations=22 (full 0):
 garbage-first heap   total 312320K, used 247306K [0x0000000080000000, 0x0000000100000000)
  region size 1024K, 131 young (134144K), 6 survivors (6144K)
 Metaspace       used 97012K, capacity 99505K, committed 102016K, reserved 1136640K
  class space    used 12818K, capacity 13788K, committed 14796K, reserved 1048576K
}
Event: 9.498 GC heap after
{Heap after GC invocations=23 (full 0):
 garbage-first heap   total 312320K, used 120424K [0x0000000080000000, 0x0000000100000000)
  region size 1024K, 6 young (6144K), 6 survivors (6144K)
 Metaspace       used 97012K, capacity 99505K, committed 102016K, reserved 1136640K
  class space    used 12818K, capacity 13788K, committed 14796K, reserved 1048576K
}
Event: 9.656 GC heap before
{Heap before GC invocations=23 (full 0):
 garbage-first heap   total 312320K, used 251496K [0x0000000080000000, 0x0000000100000000)
  region size 1024K, 135 young (138240K), 6 survivors (6144K)
 Metaspace       used 97179K, capacity 99636K, committed 102272K, reserved 1136640K
  class space    used 12821K, capacity 13789K, committed 14796K, reserved 1048576K
}
Event: 9.663 GC heap after
{Heap after GC invocations=24 (full 0):
 garbage-first heap   total 312320K, used 122583K [0x0000000080000000, 0x0000000100000000)
  region size 1024K, 9 young (9216K), 9 survivors (9216K)
 Metaspace       used 97179K, capacity 99636K, committed 102272K, reserved 1136640K
  class space    used 12821K, capacity 13789K, committed 14796K, reserved 1048576K
}
Event: 9.865 GC heap before
{Heap before GC invocations=24 (full 0):
 garbage-first heap   total 312320K, used 255703K [0x0000000080000000, 0x0000000100000000)
  region size 1024K, 139 young (142336K), 9 survivors (9216K)
 Metaspace       used 97201K, capacity 99662K, committed 102272K, reserved 1136640K
  class space    used 12826K, capacity 13798K, committed 14796K, reserved 1048576K
}
Event: 9.872 GC heap after
{Heap after GC invocations=25 (full 0):
 garbage-first heap   total 312320K, used 123487K [0x0000000080000000, 0x0000000100000000)
  region size 1024K, 9 young (9216K), 9 survivors (9216K)
 Metaspace       used 97201K, capacity 99662K, committed 102272K, reserved 1136640K
  class space    used 12826K, capacity 13798K, committed 14796K, reserved 1048576K
}
Event: 10.062 GC heap before
{Heap before GC invocations=25 (full 0):
 garbage-first heap   total 312320K, used 257631K [0x0000000080000000, 0x0000000100000000)
  region size 1024K, 141 young (144384K), 9 survivors (9216K)
 Metaspace       used 97385K, capacity 99872K, committed 102528K, reserved 1136640K
  class space    used 12828K, capacity 13801K, committed 14796K, reserved 1048576K
}
Event: 10.069 GC heap after
{Heap after GC invocations=26 (full 0):
 garbage-first heap   total 312320K, used 124848K [0x0000000080000000, 0x0000000100000000)
  region size 1024K, 11 young (11264K), 11 survivors (11264K)
 Metaspace       used 97385K, capacity 99872K, committed 102528K, reserved 1136640K
  class space    used 12828K, capacity 13801K, committed 14796K, reserved 1048576K
}
Event: 10.244 GC heap before
{Heap before GC invocations=26 (full 0):
 garbage-first heap   total 312320K, used 260016K [0x0000000080000000, 0x0000000100000000)
  region size 1024K, 143 young (146432K), 11 survivors (11264K)
 Metaspace       used 97700K, capacity 100280K, committed 102528K, reserved 1136640K
  class space    used 12881K, capacity 13917K, committed 14796K, reserved 1048576K
}
Event: 10.254 GC heap after
{Heap after GC invocations=27 (full 0):
 garbage-first heap   total 374784K, used 126230K [0x0000000080000000, 0x0000000100000000)
  region size 1024K, 11 young (11264K), 11 survivors (11264K)
 Metaspace       used 97700K, capacity 100280K, committed 102528K, reserved 1136640K
  class space    used 12881K, capacity 13917K, committed 14796K, reserved 1048576K
}
Event: 10.447 GC heap before
{Heap before GC invocations=27 (full 0):
 garbage-first heap   total 374784K, used 297238K [0x0000000080000000, 0x0000000100000000)
  region size 1024K, 179 young (183296K), 11 survivors (11264K)
 Metaspace       used 97978K, capacity 100615K, committed 102784K, reserved 1136640K
  class space    used 12882K, capacity 13919K, committed 14796K, reserved 1048576K
}
Event: 10.456 GC heap after
{Heap after GC invocations=28 (full 0):
 garbage-first heap   total 374784K, used 132428K [0x0000000080000000, 0x0000000100000000)
  region size 1024K, 17 young (17408K), 17 survivors (17408K)
 Metaspace       used 97978K, capacity 100615K, committed 102784K, reserved 1136640K
  class space    used 12882K, capacity 13919K, committed 14796K, reserved 1048576K
}
Event: 10.607 GC heap before
{Heap before GC invocations=28 (full 0):
 garbage-first heap   total 374784K, used 310604K [0x0000000080000000, 0x0000000100000000)
  region size 1024K, 191 young (195584K), 17 survivors (17408K)
 Metaspace       used 98171K, capacity 100839K, committed 103040K, reserved 1138688K
  class space    used 12889K, capacity 13921K, committed 14796K, reserved 1048576K
}
Event: 10.620 GC heap after
{Heap after GC invocations=29 (full 0):
 garbage-first heap   total 374784K, used 135724K [0x0000000080000000, 0x0000000100000000)
  region size 1024K, 16 young (16384K), 16 survivors (16384K)
 Metaspace       used 98171K, capacity 100839K, committed 103040K, reserved 1138688K
  class space    used 12889K, capacity 13921K, committed 14796K, reserved 1048576K
}
Event: 10.751 GC heap before
{Heap before GC invocations=29 (full 0):
 garbage-first heap   total 374784K, used 314924K [0x0000000080000000, 0x0000000100000000)
  region size 1024K, 191 young (195584K), 16 survivors (16384K)
 Metaspace       used 98304K, capacity 100915K, committed 103040K, reserved 1138688K
  class space    used 12889K, capacity 13921K, committed 14796K, reserved 1048576K
}
Event: 10.761 GC heap after
{Heap after GC invocations=30 (full 0):
 garbage-first heap   total 374784K, used 138595K [0x0000000080000000, 0x0000000100000000)
  region size 1024K, 15 young (15360K), 15 survivors (15360K)
 Metaspace       used 98304K, capacity 100915K, committed 103040K, reserved 1138688K
  class space    used 12889K, capacity 13921K, committed 14796K, reserved 1048576K
}
Event: 10.919 GC heap before
{Heap before GC invocations=30 (full 0):
 garbage-first heap   total 374784K, used 315747K [0x0000000080000000, 0x0000000100000000)
  region size 1024K, 189 young (193536K), 15 survivors (15360K)
 Metaspace       used 98489K, capacity 101136K, committed 103296K, reserved 1138688K
  class space    used 12889K, capacity 13921K, committed 14796K, reserved 1048576K
}

