# JRE version: OpenJDK Runtime Environment (11.0.10) (build 11.0.10+0-b96-7249189)
# Java VM: OpenJDK 64-Bit Server VM (11.0.10+0-b96-7249189, mixed mode, tiered, compressed oops, g1 gc, windows-amd64)
Heap:
 garbage-first heap   total 720896K, used 246248K [0x0000000080000000, 0x0000000100000000)
  region size 1024K, 13 young (13312K), 13 survivors (13312K)
 Metaspace       used 109414K, capacity 112166K, committed 112384K, reserved 1146880K
  class space    used 13990K, capacity 15032K, committed 15104K, reserved 1048576K
GC Heap History (20 events):
Event: 18.505 GC heap after
{Heap after GC invocations=24 (full 0):
 garbage-first heap   total 279552K, used 236544K [0x0000000080000000, 0x0000000100000000)
  region size 1024K, 2 young (2048K), 2 survivors (2048K)
 Metaspace       used 98832K, capacity 101205K, committed 101760K, reserved 1136640K
  class space    used 12657K, capacity 13555K, committed 13696K, reserved 1048576K
}
Event: 18.544 GC heap before
{Heap before GC invocations=24 (full 0):
 garbage-first heap   total 279552K, used 237568K [0x0000000080000000, 0x0000000100000000)
  region size 1024K, 13 young (13312K), 2 survivors (2048K)
 Metaspace       used 98588K, capacity 100818K, committed 101760K, reserved 1136640K
  class space    used 12570K, capacity 13398K, committed 13696K, reserved 1048576K
}
Event: 18.553 GC heap after
{Heap after GC invocations=25 (full 0):
 garbage-first heap   total 279552K, used 232383K [0x0000000080000000, 0x0000000100000000)
  region size 1024K, 2 young (2048K), 2 survivors (2048K)
 Metaspace       used 98588K, capacity 100818K, committed 101760K, reserved 1136640K
  class space    used 12570K, capacity 13398K, committed 13696K, reserved 1048576K
}
Event: 18.704 GC heap before
{Heap before GC invocations=26 (full 0):
 garbage-first heap   total 279552K, used 242623K [0x0000000080000000, 0x0000000100000000)
  region size 1024K, 13 young (13312K), 2 survivors (2048K)
 Metaspace       used 100218K, capacity 102496K, committed 103296K, reserved 1138688K
  class space    used 12812K, capacity 13659K, committed 13952K, reserved 1048576K
}
Event: 18.710 GC heap after
{Heap after GC invocations=27 (full 0):
 garbage-first heap   total 279552K, used 235627K [0x0000000080000000, 0x0000000100000000)
  region size 1024K, 2 young (2048K), 2 survivors (2048K)
 Metaspace       used 100218K, capacity 102496K, committed 103296K, reserved 1138688K
  class space    used 12812K, capacity 13659K, committed 13952K, reserved 1048576K
}
Event: 18.757 GC heap before
{Heap before GC invocations=27 (full 0):
 garbage-first heap   total 279552K, used 246891K [0x0000000080000000, 0x0000000100000000)
  region size 1024K, 13 young (13312K), 2 survivors (2048K)
 Metaspace       used 100434K, capacity 102756K, committed 103296K, reserved 1138688K
  class space    used 12858K, capacity 13722K, committed 13952K, reserved 1048576K
}
Event: 18.764 GC heap after
{Heap after GC invocations=28 (full 0):
 garbage-first heap   total 279552K, used 234684K [0x0000000080000000, 0x0000000100000000)
  region size 1024K, 2 young (2048K), 2 survivors (2048K)
 Metaspace       used 100434K, capacity 102756K, committed 103296K, reserved 1138688K
  class space    used 12858K, capacity 13722K, committed 13952K, reserved 1048576K
}
Event: 18.802 GC heap before
{Heap before GC invocations=28 (full 0):
 garbage-first heap   total 279552K, used 245948K [0x0000000080000000, 0x0000000100000000)
  region size 1024K, 13 young (13312K), 2 survivors (2048K)
 Metaspace       used 100456K, capacity 102834K, committed 103296K, reserved 1138688K
  class space    used 12861K, capacity 13725K, committed 13952K, reserved 1048576K
}
Event: 18.813 GC heap after
{Heap after GC invocations=29 (full 0):
 garbage-first heap   total 279552K, used 237273K [0x0000000080000000, 0x0000000100000000)
  region size 1024K, 2 young (2048K), 2 survivors (2048K)
 Metaspace       used 100456K, capacity 102834K, committed 103296K, reserved 1138688K
  class space    used 12861K, capacity 13725K, committed 13952K, reserved 1048576K
}
Event: 18.962 GC heap before
{Heap before GC invocations=29 (full 0):
 garbage-first heap   total 279552K, used 247513K [0x0000000080000000, 0x0000000100000000)
  region size 1024K, 13 young (13312K), 2 survivors (2048K)
 Metaspace       used 101292K, capacity 103790K, committed 104064K, reserved 1138688K
  class space    used 12987K, capacity 13896K, committed 13952K, reserved 1048576K
}
Event: 18.966 GC heap after
{Heap after GC invocations=30 (full 0):
 garbage-first heap   total 279552K, used 238424K [0x0000000080000000, 0x0000000100000000)
  region size 1024K, 1 young (1024K), 1 survivors (1024K)
 Metaspace       used 101292K, capacity 103790K, committed 104064K, reserved 1138688K
  class space    used 12987K, capacity 13896K, committed 13952K, reserved 1048576K
}
Event: 19.035 GC heap before
{Heap before GC invocations=30 (full 0):
 garbage-first heap   total 279552K, used 233304K [0x0000000080000000, 0x0000000100000000)
  region size 1024K, 13 young (13312K), 1 survivors (1024K)
 Metaspace       used 101489K, capacity 104022K, committed 104064K, reserved 1138688K
  class space    used 13006K, capacity 13927K, committed 13952K, reserved 1048576K
}
Event: 19.042 GC heap after
{Heap after GC invocations=31 (full 0):
 garbage-first heap   total 490496K, used 223996K [0x0000000080000000, 0x0000000100000000)
  region size 1024K, 2 young (2048K), 2 survivors (2048K)
 Metaspace       used 101489K, capacity 104022K, committed 104064K, reserved 1138688K
  class space    used 13006K, capacity 13927K, committed 13952K, reserved 1048576K
}
Event: 19.319 GC heap before
{Heap before GC invocations=32 (full 0):
 garbage-first heap   total 490496K, used 305916K [0x0000000080000000, 0x0000000100000000)
  region size 1024K, 83 young (84992K), 2 survivors (2048K)
 Metaspace       used 102126K, capacity 104615K, committed 104704K, reserved 1140736K
  class space    used 13070K, capacity 13993K, committed 14080K, reserved 1048576K
}
Event: 19.327 GC heap after
{Heap after GC invocations=33 (full 0):
 garbage-first heap   total 490496K, used 231787K [0x0000000080000000, 0x0000000100000000)
  region size 1024K, 10 young (10240K), 10 survivors (10240K)
 Metaspace       used 102126K, capacity 104615K, committed 104704K, reserved 1140736K
  class space    used 13070K, capacity 13993K, committed 14080K, reserved 1048576K
}
Event: 19.389 GC heap before
{Heap before GC invocations=33 (full 0):
 garbage-first heap   total 490496K, used 245099K [0x0000000080000000, 0x0000000100000000)
  region size 1024K, 23 young (23552K), 10 survivors (10240K)
 Metaspace       used 102346K, capacity 104881K, committed 104960K, reserved 1140736K
  class space    used 13095K, capacity 14035K, committed 14080K, reserved 1048576K
}
Event: 19.398 GC heap after
{Heap after GC invocations=34 (full 0):
 garbage-first heap   total 490496K, used 224298K [0x0000000080000000, 0x0000000100000000)
  region size 1024K, 2 young (2048K), 2 survivors (2048K)
 Metaspace       used 102346K, capacity 104881K, committed 104960K, reserved 1140736K
  class space    used 13095K, capacity 14035K, committed 14080K, reserved 1048576K
}
Event: 19.816 GC heap before
{Heap before GC invocations=34 (full 0):
 garbage-first heap   total 490496K, used 321578K [0x0000000080000000, 0x0000000100000000)
  region size 1024K, 92 young (94208K), 2 survivors (2048K)
 Metaspace       used 103231K, capacity 105875K, committed 106112K, reserved 1140736K
  class space    used 13213K, capacity 14172K, committed 14208K, reserved 1048576K
}
Event: 19.828 GC heap after
{Heap after GC invocations=35 (full 0):
 garbage-first heap   total 490496K, used 234601K [0x0000000080000000, 0x0000000100000000)
  region size 1024K, 6 young (6144K), 6 survivors (6144K)
 Metaspace       used 103231K, capacity 105875K, committed 106112K, reserved 1140736K
  class space    used 13213K, capacity 14172K, committed 14208K, reserved 1048576K
}
Event: 20.616 GC heap before
{Heap before GC invocations=36 (full 0):
 garbage-first heap   total 490496K, used 340073K [0x0000000080000000, 0x0000000100000000)
  region size 1024K, 102 young (104448K), 6 survivors (6144K)
 Metaspace       used 109414K, capacity 112166K, committed 112384K, reserved 1146880K
  class space    used 13990K, capacity 15032K, committed 15104K, reserved 1048576K
}

